0 info it worked if it ends with ok
1 verbose cli [ '/usr/bin/node', '/usr/bin/npm', 'run', 'start' ]
2 info using npm@3.5.2
3 info using node@v8.10.0
4 verbose run-script [ 'prestart', 'start', 'poststart' ]
5 info lifecycle medic@0.0.0~prestart: medic@0.0.0
6 silly lifecycle medic@0.0.0~prestart: no script for prestart, continuing
7 info lifecycle medic@0.0.0~start: medic@0.0.0
8 verbose lifecycle medic@0.0.0~start: unsafe-perm in lifecycle true
9 verbose lifecycle medic@0.0.0~start: PATH: /usr/share/npm/bin/node-gyp-bin:/mnt/c/Users/ambar_ywm83/projects/Inter_IIT/node_modules/.bin:/usr/local/sbin:/usr/local/bin:/usr/sbin:/usr/bin:/sbin:/bin:/usr/games:/usr/local/games:/mnt/c/Python27/:/mnt/c/Python27/Scripts:/mnt/c/Program Files (x86)/Common Files/Oracle/Java/javapath:/mnt/c/Python38/Scripts/:/mnt/c/Python38/:/mnt/c/Python37/Scripts/:/mnt/c/Python37/:/mnt/c/Program Files (x86)/Intel/Intel(R) Management Engine Components/iCLS/:/mnt/c/Program Files/Intel/Intel(R) Management Engine Components/iCLS/:/mnt/c/WINDOWS/system32:/mnt/c/WINDOWS:/mnt/c/WINDOWS/System32/Wbem:/mnt/c/WINDOWS/System32/WindowsPowerShell/v1.0/:/mnt/c/WINDOWS/System32/OpenSSH/:/mnt/c/Program Files (x86)/Intel/Intel(R) Management Engine Components/DAL:/mnt/c/Program Files/Intel/Intel(R) Management Engine Components/DAL:/mnt/c/Program Files (x86)/Intel/Intel(R) Management Engine Components/IPT:/mnt/c/Program Files/Intel/Intel(R) Management Engine Components/IPT:/mnt/c/Program Files/mingw-w64/x86_64-8.1.0-posix-seh-rt_v6-rev0/mingw64/bin:/mnt/c/Program Files/Intel/WiFi/bin/:/mnt/c/Program Files/Common Files/Intel/WirelessCommon/:/mnt/c/Program Files/7-Zip:/mnt/c/Users/ambar_ywm83/AppData/Local/Programs/Python/Python37-32/Scripts/:/mnt/c/Users/ambar_ywm83/AppData/Local/Programs/Python/Python37-32/:/mnt/c/Users/ambar_ywm83/AppData/Local/Microsoft/WindowsApps:/mnt/c/Users/ambar_ywm83/AppData/Local/Programs/Microsoft VS Code/bin:/mnt/c/Progra:/mnt/c/Program Files (x86)/NVIDIA Corporation/PhysX/Common:/mnt/c/ProgramData/chocolatey/bin:/mnt/c/tools/php73:/mnt/c/ProgramData/ComposerSetup/bin:/mnt/c/Program Files/dotnet/:/mnt/c/WINDOWS/system32:/mnt/c/WINDOWS:/mnt/c/WINDOWS/System32/Wbem:/mnt/c/WINDOWS/System32/WindowsPowerShell/v1.0/:/mnt/c/WINDOWS/System32/OpenSSH/:/mnt/c/Program Files/Java/jdk1.8.0_211/bin:/mnt/c/Program Files/Java/jdk1.8.0_221/bin:/mnt/c/Program Files/NVIDIA Corporation/NVIDIA NvDLISR:/mnt/c/Program Files/PowerShell/6/:/mnt/c/Program Files/Java/jdk1.8.0_231/bin:/mnt/c/Program Files/Git/cmd:/mnt/c/Program Files/nodejs/:/mnt/c/tools/php74:/mnt/c/Users/ambar_ywm83/scoop/shims:/mnt/c/Users/ambar_ywm83/.dnx/bin:/mnt/c/Program Files/Java/jdk-11.0.1/bin:/mnt/c/Users/ambar_ywm83/AppData/Roaming/Composer/vendor/bin:/mnt/c/Program Files/LOVE:/mnt/c/Program Files/Oracle/VirtualBox:/mnt/c/src/flutter/bin:/mnt/c/Users/ambar_ywm83/AppData/Roaming/npm:/snap/bin
10 verbose lifecycle medic@0.0.0~start: CWD: /mnt/c/Users/ambar_ywm83/projects/Inter_IIT
11 silly lifecycle medic@0.0.0~start: Args: [ '-c', 'webpack --watch' ]
12 silly lifecycle medic@0.0.0~start: Returned: code: 143  signal: null
13 info lifecycle medic@0.0.0~start: Failed to exec start script
14 verbose stack Error: medic@0.0.0 start: `webpack --watch`
14 verbose stack Exit status 143
14 verbose stack     at EventEmitter.<anonymous> (/usr/share/npm/lib/utils/lifecycle.js:232:16)
14 verbose stack     at emitTwo (events.js:126:13)
14 verbose stack     at EventEmitter.emit (events.js:214:7)
14 verbose stack     at ChildProcess.<anonymous> (/usr/share/npm/lib/utils/spawn.js:24:14)
14 verbose stack     at emitTwo (events.js:126:13)
14 verbose stack     at ChildProcess.emit (events.js:214:7)
14 verbose stack     at maybeClose (internal/child_process.js:925:16)
14 verbose stack     at Process.ChildProcess._handle.onexit (internal/child_process.js:209:5)
15 verbose pkgid medic@0.0.0
16 verbose cwd /mnt/c/Users/ambar_ywm83/projects/Inter_IIT
17 error Linux 4.4.0-18362-Microsoft
18 error argv "/usr/bin/node" "/usr/bin/npm" "run" "start"
19 error node v8.10.0
20 error npm  v3.5.2
21 error code ELIFECYCLE
22 error medic@0.0.0 start: `webpack --watch`
22 error Exit status 143
23 error Failed at the medic@0.0.0 start script 'webpack --watch'.
23 error Make sure you have the latest version of node.js and npm installed.
23 error If you do, this is most likely a problem with the medic package,
23 error not with npm itself.
23 error Tell the author that this fails on your system:
23 error     webpack --watch
23 error You can get information on how to open an issue for this project with:
23 error     npm bugs medic
23 error Or if that isn't available, you can get their info via:
23 error     npm owner ls medic
23 error There is likely additional logging output above.
24 verbose exit [ 1, true ]
